c:\users\alfonso arias\desktop\algoritmos\diepio.master\x64\debug\vc140.pdb
c:\users\alfonso arias\desktop\algoritmos\diepio.master\x64\debug\.netframework,version=v4.6.1.assemblyattributes.obj
c:\users\alfonso arias\desktop\algoritmos\diepio.master\x64\debug\.netframework,version=v4.6.1.assemblyattributes.asm
c:\users\alfonso arias\desktop\algoritmos\diepio.master\x64\debug\source.obj
c:\users\alfonso arias\desktop\algoritmos\diepio.master\x64\debug\plataforma.obj
c:\users\alfonso arias\desktop\algoritmos\diepio.master\x64\debug\cmapa.obj
c:\users\alfonso arias\desktop\algoritmos\diepio.master\x64\debug\cmenu.obj
c:\users\alfonso arias\desktop\algoritmos\diepio.master\x64\debug\cdiep.obj
c:\users\alfonso arias\desktop\algoritmos\diepio.master\x64\debug\cbalas.obj
c:\users\alfonso arias\desktop\algoritmos\diepio.master\x64\debug\cbalasbuenas.obj
c:\users\alfonso arias\desktop\algoritmos\diepio.master\x64\debug\game.plataforma.resources
c:\users\alfonso arias\desktop\algoritmos\diepio.master\x64\debug\game.vcxproj.generateresource.cache
c:\users\alfonso arias\desktop\algoritmos\diepio.master\x64\debug\cenemigo.obj
c:\users\alfonso arias\desktop\algoritmos\diepio.master\x64\debug\crojo.obj
c:\users\alfonso arias\desktop\algoritmos\diepio.master\x64\debug\game.pdb
c:\users\alfonso arias\desktop\algoritmos\diepio.master\x64\debug\game.tlog\cl.command.1.tlog
c:\users\alfonso arias\desktop\algoritmos\diepio.master\x64\debug\game.tlog\cl.read.1.tlog
c:\users\alfonso arias\desktop\algoritmos\diepio.master\x64\debug\game.tlog\cl.write.1.tlog
c:\users\alfonso arias\desktop\algoritmos\diepio.master\x64\debug\game.tlog\game.write.1u.tlog
c:\users\alfonso arias\desktop\algoritmos\diepio.master\x64\debug\game.tlog\link.276808.261424-cvtres.read.1.tlog
c:\users\alfonso arias\desktop\algoritmos\diepio.master\x64\debug\game.tlog\link.276808.261424-cvtres.write.1.tlog
c:\users\alfonso arias\desktop\algoritmos\diepio.master\x64\debug\game.tlog\link.276808.261424-rc.read.1.tlog
c:\users\alfonso arias\desktop\algoritmos\diepio.master\x64\debug\game.tlog\link.276808.261424-rc.write.1.tlog
c:\users\alfonso arias\desktop\algoritmos\diepio.master\x64\debug\game.tlog\link.276808.261424.read.1.tlog
c:\users\alfonso arias\desktop\algoritmos\diepio.master\x64\debug\game.tlog\link.276808.261424.write.1.tlog
c:\users\alfonso arias\desktop\algoritmos\diepio.master\x64\debug\game.tlog\link.276808.read.1.tlog
c:\users\alfonso arias\desktop\algoritmos\diepio.master\x64\debug\game.tlog\link.276808.write.1.tlog
c:\users\alfonso arias\desktop\algoritmos\diepio.master\x64\debug\game.tlog\link.command.1.tlog
c:\users\alfonso arias\desktop\algoritmos\diepio.master\x64\debug\game.tlog\link.read.1.tlog
c:\users\alfonso arias\desktop\algoritmos\diepio.master\x64\debug\game.tlog\link.write.1.tlog
c:\users\alfonso arias\desktop\algoritmos\diepio.master\x64\debug\game.tlog\metagen.read.1.tlog
c:\users\alfonso arias\desktop\algoritmos\diepio.master\x64\debug\game.tlog\metagen.write.1.tlog
c:\users\alfonso arias\desktop\algoritmos\diepio.master\x64\debug\game.tlog\tzres.dll.bi
